<?xml version="1.0" encoding="UTF-8"?>
<testng-results ignored="0" total="1" passed="1" failed="0" skipped="0">
  <reporter-output>
  </reporter-output>
  <suite started-at="2022-05-13T15:28:18 IST" name="Default suite" finished-at="2022-05-13T15:28:19 IST" duration-ms="1496">
    <groups>
    </groups>
    <test started-at="2022-05-13T15:28:18 IST" name="Default test" finished-at="2022-05-13T15:28:19 IST" duration-ms="1496">
      <class name="endToEndScenarioForRMGYANTRA.CreateProjectAndVareifyInDBUsingSpecBuilders">
        <test-method is-config="true" signature="bsConfig()[pri:0, instance:endToEndScenarioForRMGYANTRA.CreateProjectAndVareifyInDBUsingSpecBuilders@bd4dc25]" started-at="2022-05-13T15:28:17 IST" name="bsConfig" finished-at="2022-05-13T15:28:18 IST" duration-ms="925" status="PASS">
          <reporter-output>
          </reporter-output>
        </test-method> <!-- bsConfig -->
        <test-method signature="createdProject()[pri:0, instance:endToEndScenarioForRMGYANTRA.CreateProjectAndVareifyInDBUsingSpecBuilders@bd4dc25]" started-at="2022-05-13T15:28:18 IST" name="createdProject" finished-at="2022-05-13T15:28:19 IST" duration-ms="1467" status="PASS">
          <reporter-output>
          </reporter-output>
        </test-method> <!-- createdProject -->
        <test-method is-config="true" signature="asConfig()[pri:0, instance:endToEndScenarioForRMGYANTRA.CreateProjectAndVareifyInDBUsingSpecBuilders@bd4dc25]" started-at="2022-05-13T15:28:19 IST" name="asConfig" finished-at="2022-05-13T15:28:19 IST" duration-ms="7" status="PASS">
          <reporter-output>
          </reporter-output>
        </test-method> <!-- asConfig -->
      </class> <!-- endToEndScenarioForRMGYANTRA.CreateProjectAndVareifyInDBUsingSpecBuilders -->
    </test> <!-- Default test -->
  </suite> <!-- Default suite -->
</testng-results>
